2016-09-22T12:34:23-05:00  [main] TRACE Beginning calculator assignment. 
2016-09-22T12:34:37-05:00 Adam [main] TRACE Beginning calculator assignment. 
2016-09-22T12:34:38-05:00 Adam [main] TRACE Beginning calculator assignment. 
2016-09-22T12:35:47-05:00 Adam [main] TRACE Beginning calculator assignment. 
2016-09-22T12:36:07-05:00 Adam [main] TRACE Beginning calculator assignment. 
2016-09-22T12:36:29-05:00 Adam [main] TRACE Beginning calculator assignment. 
2016-09-22T12:37:12-05:00 Adam [main] TRACE Beginning calculator assignment. 
2016-09-22T12:37:22-05:00 Adam [main] TRACE Beginning calculator assignment. 
2016-09-22T12:38:07-05:00 Adam [main] TRACE Beginning calculator assignment. 
2016-09-22T12:38:53-05:00 Adam [main] TRACE Beginning calculator assignment. 
2016-09-22T12:39:08-05:00 Adam [main] TRACE Beginning calculator assignment. 
2016-09-22T12:39:19-05:00 Adam [main] TRACE Beginning calculator assignment. 
2016-09-22T12:39:40-05:00 Adam [main] TRACE Beginning calculator assignment. 
2016-09-22T12:39:50-05:00 Adam [main] TRACE Beginning calculator assignment. 
2016-09-22T12:41:04-05:00 Adam [main] TRACE Beginning calculator assignment. 
2016-09-22T12:43:48-05:00 Adam [main] TRACE Beginning calculator assignment. 
2016-09-22T12:43:48-05:00 Adam [main] TRACE Undefined variable: strFloat in C:\wamp\www\IFSC4399\ifsc4399\assignment-6\index.php line: 19 
2016-09-22T12:43:48-05:00 Adam [main] DEBUG Invalid Floating Number - entered value =  
2016-09-22T12:43:56-05:00 Adam [main] TRACE Beginning calculator assignment. 
2016-09-22T12:43:56-05:00 Adam [main] DEBUG Invalid Floating Number - entered value = Invalid Floating Number 
2016-09-22T12:44:20-05:00 Adam [main] TRACE Beginning calculator assignment. 
2016-09-22T12:44:20-05:00 Adam [main] DEBUG Invalid Floating Number - entered value = Invalid Floating Number 
2016-09-22T12:44:44-05:00 Adam [main] TRACE Beginning calculator assignment. 
2016-09-22T12:44:44-05:00 Adam [main] DEBUG Invalid Floating Number - entered value = Invalid Floating Number 
2016-09-22T12:44:47-05:00 Adam [main] TRACE Beginning calculator assignment. 
2016-09-22T12:44:49-05:00 Adam [main] TRACE Beginning calculator assignment. 
2016-09-22T12:44:49-05:00 Adam [main] DEBUG Invalid Floating Number - entered value = Invalid Floating Number 
2016-09-22T12:45:28-05:00 Adam [main] TRACE Beginning calculator assignment. 
2016-09-22T12:45:28-05:00 Adam [main] DEBUG Invalid Floating Number - entered value = Invalid Floating Number 
2016-09-22T12:45:28-05:00 Adam [main] TRACE Undefined variable: o21 in C:\wamp\www\IFSC4399\ifsc4399\assignment-6\index.php line: 23 
2016-09-22T12:45:28-05:00 Adam [main] DEBUG Invalid Floating Number - entered value = Invalid Floating Number 
2016-09-22T12:45:38-05:00 Adam [main] TRACE Beginning calculator assignment. 
2016-09-22T12:45:38-05:00 Adam [main] DEBUG Invalid Floating Number - entered value = Invalid Floating Number 
2016-09-22T12:45:38-05:00 Adam [main] DEBUG Invalid Floating Number - entered value = Invalid Floating Number 
2016-09-22T12:45:53-05:00 Adam [main] TRACE Beginning calculator assignment. 
2016-09-22T12:45:53-05:00 Adam [main] DEBUG Invalid Floating Number - entered value = Invalid Floating Number 
2016-09-22T12:45:53-05:00 Adam [main] DEBUG Invalid Floating Number - entered value = Invalid Floating Number 
2016-09-22T12:45:58-05:00 Adam [main] TRACE Beginning calculator assignment. 
2016-09-22T12:46:31-05:00 Adam [main] TRACE Beginning calculator assignment. 
2016-09-22T12:46:46-05:00 Adam [main] TRACE Beginning calculator assignment. 
2016-09-22T12:46:49-05:00 Adam [main] TRACE Beginning calculator assignment. 
2016-09-22T12:49:17-05:00 Adam [main] TRACE Beginning calculator assignment. 
2016-09-22T12:49:20-05:00 Adam [main] TRACE Beginning calculator assignment. 
2016-09-22T12:52:02-05:00 Adam [main] TRACE Beginning calculator assignment. 
2016-09-22T12:52:05-05:00 Adam [main] TRACE Beginning calculator assignment. 
2016-09-22T12:52:08-05:00 Adam [main] TRACE Beginning calculator assignment. 
2016-09-22T12:52:36-05:00 Adam [main] TRACE Beginning calculator assignment. 
2016-09-22T12:52:38-05:00 Adam [main] TRACE Beginning calculator assignment. 
2016-09-22T12:52:41-05:00 Adam [main] TRACE Beginning calculator assignment. 
2016-09-22T12:52:42-05:00 Adam [main] TRACE Beginning calculator assignment. 
2016-09-22T12:52:42-05:00 Adam [main] TRACE Undefined variable: op1 in C:\wamp\www\IFSC4399\ifsc4399\assignment-6\calculator.php line: 20 
2016-09-22T12:52:42-05:00 Adam [main] TRACE Undefined variable: operator in C:\wamp\www\IFSC4399\ifsc4399\assignment-6\calculator.php line: 30 
2016-09-22T12:52:42-05:00 Adam [main] TRACE Undefined variable: operator in C:\wamp\www\IFSC4399\ifsc4399\assignment-6\calculator.php line: 30 
2016-09-22T12:52:42-05:00 Adam [main] TRACE Undefined variable: operator in C:\wamp\www\IFSC4399\ifsc4399\assignment-6\calculator.php line: 30 
2016-09-22T12:52:42-05:00 Adam [main] TRACE Undefined variable: operator in C:\wamp\www\IFSC4399\ifsc4399\assignment-6\calculator.php line: 30 
2016-09-22T12:52:42-05:00 Adam [main] TRACE Undefined variable: op2 in C:\wamp\www\IFSC4399\ifsc4399\assignment-6\calculator.php line: 42 
2016-09-22T12:52:59-05:00 Adam [main] TRACE Beginning calculator assignment. 
2016-09-22T12:52:59-05:00 Adam [main] TRACE Undefined variable: op1 in C:\wamp\www\IFSC4399\ifsc4399\assignment-6\calculator.php line: 20 
2016-09-22T12:52:59-05:00 Adam [main] TRACE Undefined variable: op2 in C:\wamp\www\IFSC4399\ifsc4399\assignment-6\calculator.php line: 42 
2016-09-22T12:53:02-05:00 Adam [main] TRACE Beginning calculator assignment. 
2016-09-22T12:53:02-05:00 Adam [main] TRACE Undefined variable: op1 in C:\wamp\www\IFSC4399\ifsc4399\assignment-6\calculator.php line: 20 
2016-09-22T12:53:02-05:00 Adam [main] TRACE Undefined variable: op2 in C:\wamp\www\IFSC4399\ifsc4399\assignment-6\calculator.php line: 42 
2016-09-22T12:53:32-05:00 Adam [main] TRACE Beginning calculator assignment. 
2016-09-22T12:53:32-05:00 Adam [main] TRACE Undefined variable: op2 in C:\wamp\www\IFSC4399\ifsc4399\assignment-6\calculator.php line: 42 
2016-09-22T12:53:42-05:00 Adam [main] TRACE Beginning calculator assignment. 
2016-09-22T12:53:46-05:00 Adam [main] TRACE Beginning calculator assignment. 
2016-09-22T12:53:46-05:00 Adam [main] DEBUG Invalid Floating Number - entered value = Invalid Floating Number 
2016-09-22T12:55:01-05:00 Adam [main] TRACE Beginning calculator assignment. 
2016-09-22T12:55:07-05:00 Adam [main] TRACE Beginning calculator assignment. 
2016-09-22T12:55:11-05:00 Adam [main] TRACE Beginning calculator assignment. 
2016-09-22T12:55:15-05:00 Adam [main] TRACE Beginning calculator assignment. 
2016-09-22T12:55:17-05:00 Adam [main] TRACE Beginning calculator assignment. 
2016-09-22T12:55:19-05:00 Adam [main] TRACE Beginning calculator assignment. 
2016-09-22T12:55:29-05:00 Adam [main] TRACE Beginning calculator assignment. 
2016-09-22T12:55:31-05:00 Adam [main] TRACE Beginning calculator assignment. 
2016-09-22T12:56:11-05:00 Adam [main] TRACE Beginning calculator assignment. 
2016-09-22T12:56:14-05:00 Adam [main] TRACE Beginning calculator assignment. 
2016-09-22T12:56:16-05:00 Adam [main] TRACE Beginning calculator assignment. 
2016-09-22T12:56:18-05:00 Adam [main] TRACE Beginning calculator assignment. 
2016-09-22T12:56:22-05:00 Adam [main] TRACE Beginning calculator assignment. 
2016-09-22T12:56:22-05:00 Adam [main] DEBUG Invalid Floating Number - entered value = Invalid Floating Number 
2016-09-22T12:56:26-05:00 Adam [main] TRACE Beginning calculator assignment. 
2016-09-22T12:56:26-05:00 Adam [main] DEBUG Invalid Floating Number - entered value = Invalid Floating Number 
2016-09-22T12:57:01-05:00 Adam [main] TRACE Beginning calculator assignment. 
2016-09-22T12:57:01-05:00 Adam [main] DEBUG Invalid Floating Number - entered value = Invalid Floating Number 
2016-09-22T12:57:04-05:00 Adam [main] TRACE Beginning calculator assignment. 
2016-09-22T12:57:08-05:00 Adam [main] TRACE Beginning calculator assignment. 
2016-09-22T12:57:08-05:00 Adam [main] DEBUG Invalid Floating Number - entered value = Invalid Floating Number 
2016-09-22T12:57:27-05:00 Adam [main] TRACE Beginning calculator assignment. 
2016-09-22T12:57:39-05:00 Adam [main] TRACE Beginning calculator assignment. 
2016-09-22T12:57:39-05:00 Adam [main] DEBUG Invalid Floating Number - entered value = Invalid Floating Number 
2016-09-22T12:57:57-05:00 Adam [main] TRACE Beginning calculator assignment. 
2016-09-22T12:57:57-05:00 Adam [main] DEBUG Invalid Floating Number - entered value = Invalid Floating Number 
2016-09-22T12:58:02-05:00 Adam [main] TRACE Beginning calculator assignment. 
2016-09-22T12:58:16-05:00 Adam [main] TRACE Beginning calculator assignment. 
2016-09-22T12:58:19-05:00 Adam [main] TRACE Beginning calculator assignment. 
2016-09-22T12:58:22-05:00 Adam [main] TRACE Beginning calculator assignment. 
2016-09-22T12:58:22-05:00 Adam [main] DEBUG Invalid Floating Number - entered value = Invalid Floating Number 
2016-09-22T12:58:28-05:00 Adam [main] TRACE Beginning calculator assignment. 
2016-09-22T12:58:28-05:00 Adam [main] DEBUG Invalid Floating Number - entered value = Invalid Floating Number 
2016-09-22T12:58:33-05:00 Adam [main] TRACE Beginning calculator assignment. 
2016-09-22T12:58:33-05:00 Adam [main] DEBUG Invalid Floating Number - entered value = Invalid Floating Number 
2016-09-22T12:58:55-05:00 Adam [main] TRACE Beginning calculator assignment. 
2016-09-22T12:58:57-05:00 Adam [main] TRACE Beginning calculator assignment. 
2016-09-22T12:58:58-05:00 Adam [main] TRACE Beginning calculator assignment. 
2016-09-22T12:59:00-05:00 Adam [main] TRACE Beginning calculator assignment. 
2016-09-22T12:59:29-05:00 Adam [main] TRACE Beginning calculator assignment. 
2016-09-22T12:59:32-05:00 Adam [main] TRACE Beginning calculator assignment. 
